<?xml version="1.0" encoding="UTF-8"?>
<testsuite name="hello.core.singleton.ConfigurationSingltonTest" tests="2" skipped="0" failures="0" errors="0" timestamp="2021-04-27T13:57:11" hostname="T-CHALLA" time="0.018">
  <properties/>
  <testcase name="configurationDeep()" classname="hello.core.singleton.ConfigurationSingltonTest" time="0.009"/>
  <testcase name="configurationTest()" classname="hello.core.singleton.ConfigurationSingltonTest" time="0.009"/>
  <system-out><![CDATA[call AppConfig.memberService
call AppConfig.MemberRepository
call AppConfig.orderService
bean = class hello.core.AppConfig$$EnhancerBySpringCGLIB$$9e714710
call AppConfig.memberService
call AppConfig.MemberRepository
call AppConfig.orderService
memberService -> memberRepository1 = hello.core.member.MemoryMemberRepository@76ae1df2
orderService -> memberRepository2 = hello.core.member.MemoryMemberRepository@76ae1df2
memberRepository = hello.core.member.MemoryMemberRepository@76ae1df2
]]></system-out>
  <system-err><![CDATA[]]></system-err>
</testsuite>
