<?xml version="1.0" encoding="UTF-8"?>
<testsuite name="hello.core.scan.filter.ComponentFilterAppConfigTest" tests="1" skipped="0" failures="0" errors="0" timestamp="2021-04-27T13:57:11" hostname="T-CHALLA" time="0.017">
  <properties/>
  <testcase name="filterScan()" classname="hello.core.scan.filter.ComponentFilterAppConfigTest" time="0.017"/>
  <system-out><![CDATA[]]></system-out>
  <system-err><![CDATA[]]></system-err>
</testsuite>
