<?xml version="1.0" encoding="UTF-8"?>
<testsuite name="hello.core.scope.PrototypeTest" tests="1" skipped="0" failures="0" errors="0" timestamp="2021-05-11T11:03:38" hostname="T-CHALLA" time="0.384">
  <properties/>
  <testcase name="prototypeBeanTest()" classname="hello.core.scope.PrototypeTest" time="0.384"/>
  <system-out><![CDATA[20:03:38.706 [Test worker] DEBUG org.springframework.context.annotation.AnnotationConfigApplicationContext - Refreshing org.springframework.context.annotation.AnnotationConfigApplicationContext@47b94000
20:03:38.727 [Test worker] DEBUG org.springframework.beans.factory.support.DefaultListableBeanFactory - Creating shared instance of singleton bean 'org.springframework.context.annotation.internalConfigurationAnnotationProcessor'
20:03:38.767 [Test worker] DEBUG org.springframework.beans.factory.support.DefaultListableBeanFactory - Creating shared instance of singleton bean 'org.springframework.context.event.internalEventListenerProcessor'
20:03:38.772 [Test worker] DEBUG org.springframework.beans.factory.support.DefaultListableBeanFactory - Creating shared instance of singleton bean 'org.springframework.context.event.internalEventListenerFactory'
20:03:38.774 [Test worker] DEBUG org.springframework.beans.factory.support.DefaultListableBeanFactory - Creating shared instance of singleton bean 'org.springframework.context.annotation.internalAutowiredAnnotationProcessor'
20:03:38.776 [Test worker] DEBUG org.springframework.beans.factory.support.DefaultListableBeanFactory - Creating shared instance of singleton bean 'org.springframework.context.annotation.internalCommonAnnotationProcessor'
find prototypeBean1
PortotypeBean.init
find prototypeBean2
PortotypeBean.init
portotypeBean1 = hello.core.scope.PrototypeTest$PortotypeBean@15e8a37f
portotypeBean2 = hello.core.scope.PrototypeTest$PortotypeBean@2a7e277b
20:03:38.888 [Test worker] DEBUG org.springframework.context.annotation.AnnotationConfigApplicationContext - Closing org.springframework.context.annotation.AnnotationConfigApplicationContext@47b94000, started on Tue May 11 20:03:38 KST 2021
]]></system-out>
  <system-err><![CDATA[]]></system-err>
</testsuite>
