<?xml version="1.0" encoding="UTF-8"?>
<testsuite name="hello.core.singleton.SingletonTest" tests="3" skipped="0" failures="0" errors="0" timestamp="2021-04-27T13:57:11" hostname="T-CHALLA" time="0.015">
  <properties/>
  <testcase name="스프링 없는 순수한 DI 컨테이너" classname="hello.core.singleton.SingletonTest" time="0.001"/>
  <testcase name="싱글톤 패턴을 적용한 객체 사용" classname="hello.core.singleton.SingletonTest" time="0.0"/>
  <testcase name="스프링 컨테이너와 싱글톤" classname="hello.core.singleton.SingletonTest" time="0.012"/>
  <system-out><![CDATA[call AppConfig.memberService
call AppConfig.MemberRepository
call AppConfig.memberService
call AppConfig.MemberRepository
memberService1 = hello.core.member.MemberServiceImpl@27579c9
memberService2 = hello.core.member.MemberServiceImpl@130cda1
singletonService1 = hello.core.singleton.SingletonService@29a8574e
singletonService2 = hello.core.singleton.SingletonService@29a8574e
call AppConfig.memberService
call AppConfig.MemberRepository
call AppConfig.orderService
memberService1 = hello.core.member.MemberServiceImpl@4da81612
memberService2 = hello.core.member.MemberServiceImpl@4da81612
]]></system-out>
  <system-err><![CDATA[]]></system-err>
</testsuite>
