<?xml version="1.0" encoding="UTF-8"?>
<testsuite name="hello.core.beanfind.ApplicationContextInfoTest" tests="2" skipped="0" failures="0" errors="0" timestamp="2021-04-27T13:57:09" hostname="T-CHALLA" time="0.019">
  <properties/>
  <testcase name="모든 빈 출력하기기" classname="hello.core.beanfind.ApplicationContextInfoTest" time="0.002"/>
  <testcase name="애플리케이션 빈 출력하기기" classname="hello.core.beanfind.ApplicationContextInfoTest" time="0.001"/>
  <system-out><![CDATA[22:57:09.696 [Test worker] DEBUG org.springframework.context.annotation.AnnotationConfigApplicationContext - Refreshing org.springframework.context.annotation.AnnotationConfigApplicationContext@e09b3f5
22:57:09.697 [Test worker] DEBUG org.springframework.beans.factory.support.DefaultListableBeanFactory - Creating shared instance of singleton bean 'org.springframework.context.annotation.internalConfigurationAnnotationProcessor'
22:57:09.701 [Test worker] DEBUG org.springframework.beans.factory.support.DefaultListableBeanFactory - Creating shared instance of singleton bean 'org.springframework.context.event.internalEventListenerProcessor'
22:57:09.701 [Test worker] DEBUG org.springframework.beans.factory.support.DefaultListableBeanFactory - Creating shared instance of singleton bean 'org.springframework.context.event.internalEventListenerFactory'
22:57:09.702 [Test worker] DEBUG org.springframework.beans.factory.support.DefaultListableBeanFactory - Creating shared instance of singleton bean 'org.springframework.context.annotation.internalAutowiredAnnotationProcessor'
22:57:09.703 [Test worker] DEBUG org.springframework.beans.factory.support.DefaultListableBeanFactory - Creating shared instance of singleton bean 'org.springframework.context.annotation.internalCommonAnnotationProcessor'
22:57:09.704 [Test worker] DEBUG org.springframework.beans.factory.support.DefaultListableBeanFactory - Creating shared instance of singleton bean 'appConfig'
22:57:09.705 [Test worker] DEBUG org.springframework.beans.factory.support.DefaultListableBeanFactory - Creating shared instance of singleton bean 'memberService'
call AppConfig.memberService
22:57:09.705 [Test worker] DEBUG org.springframework.beans.factory.support.DefaultListableBeanFactory - Creating shared instance of singleton bean 'memberRepository'
call AppConfig.MemberRepository
22:57:09.706 [Test worker] DEBUG org.springframework.beans.factory.support.DefaultListableBeanFactory - Creating shared instance of singleton bean 'orderService'
call AppConfig.orderService
22:57:09.707 [Test worker] DEBUG org.springframework.beans.factory.support.DefaultListableBeanFactory - Creating shared instance of singleton bean 'discountPolicy'
bean = org.springframework.context.annotation.internalConfigurationAnnotationProcessor object = org.springframework.context.annotation.ConfigurationClassPostProcessor@6f830c26
bean = org.springframework.context.annotation.internalAutowiredAnnotationProcessor object = org.springframework.beans.factory.annotation.AutowiredAnnotationBeanPostProcessor@794ab1c8
bean = org.springframework.context.annotation.internalCommonAnnotationProcessor object = org.springframework.context.annotation.CommonAnnotationBeanPostProcessor@1fe8652e
bean = org.springframework.context.event.internalEventListenerProcessor object = org.springframework.context.event.EventListenerMethodProcessor@3761c94d
bean = org.springframework.context.event.internalEventListenerFactory object = org.springframework.context.event.DefaultEventListenerFactory@407411bb
bean = appConfig object = hello.core.AppConfig$$EnhancerBySpringCGLIB$$9e714710@6c1c3c8c
bean = memberService object = hello.core.member.MemberServiceImpl@3001e534
bean = memberRepository object = hello.core.member.MemoryMemberRepository@91379d8
bean = orderService object = hello.core.order.OrderServiceImpl@698a5888
bean = discountPolicy object = hello.core.discount.RateDiscountPolicy@64ffe169
22:57:09.713 [Test worker] DEBUG org.springframework.context.annotation.AnnotationConfigApplicationContext - Refreshing org.springframework.context.annotation.AnnotationConfigApplicationContext@5b688087
22:57:09.714 [Test worker] DEBUG org.springframework.beans.factory.support.DefaultListableBeanFactory - Creating shared instance of singleton bean 'org.springframework.context.annotation.internalConfigurationAnnotationProcessor'
22:57:09.717 [Test worker] DEBUG org.springframework.beans.factory.support.DefaultListableBeanFactory - Creating shared instance of singleton bean 'org.springframework.context.event.internalEventListenerProcessor'
22:57:09.717 [Test worker] DEBUG org.springframework.beans.factory.support.DefaultListableBeanFactory - Creating shared instance of singleton bean 'org.springframework.context.event.internalEventListenerFactory'
22:57:09.718 [Test worker] DEBUG org.springframework.beans.factory.support.DefaultListableBeanFactory - Creating shared instance of singleton bean 'org.springframework.context.annotation.internalAutowiredAnnotationProcessor'
22:57:09.719 [Test worker] DEBUG org.springframework.beans.factory.support.DefaultListableBeanFactory - Creating shared instance of singleton bean 'org.springframework.context.annotation.internalCommonAnnotationProcessor'
22:57:09.720 [Test worker] DEBUG org.springframework.beans.factory.support.DefaultListableBeanFactory - Creating shared instance of singleton bean 'appConfig'
22:57:09.721 [Test worker] DEBUG org.springframework.beans.factory.support.DefaultListableBeanFactory - Creating shared instance of singleton bean 'memberService'
call AppConfig.memberService
22:57:09.722 [Test worker] DEBUG org.springframework.beans.factory.support.DefaultListableBeanFactory - Creating shared instance of singleton bean 'memberRepository'
call AppConfig.MemberRepository
22:57:09.723 [Test worker] DEBUG org.springframework.beans.factory.support.DefaultListableBeanFactory - Creating shared instance of singleton bean 'orderService'
call AppConfig.orderService
22:57:09.724 [Test worker] DEBUG org.springframework.beans.factory.support.DefaultListableBeanFactory - Creating shared instance of singleton bean 'discountPolicy'
bean = appConfig object = hello.core.AppConfig$$EnhancerBySpringCGLIB$$9e714710@518d6810
bean = memberService object = hello.core.member.MemberServiceImpl@4596f359
bean = memberRepository object = hello.core.member.MemoryMemberRepository@24b3545f
bean = orderService object = hello.core.order.OrderServiceImpl@558a10af
bean = discountPolicy object = hello.core.discount.RateDiscountPolicy@6f7d2fe6
]]></system-out>
  <system-err><![CDATA[]]></system-err>
</testsuite>
