<?xml version="1.0" encoding="UTF-8"?>
<testsuite name="hello.core.autowired.AllBeanTest" tests="1" skipped="0" failures="0" errors="0" timestamp="2021-04-27T13:57:08" hostname="T-CHALLA" time="0.553">
  <properties/>
  <testcase name="findAllBean()" classname="hello.core.autowired.AllBeanTest" time="0.553"/>
  <system-out><![CDATA[22:57:09.000 [Test worker] DEBUG org.springframework.context.annotation.AnnotationConfigApplicationContext - Refreshing org.springframework.context.annotation.AnnotationConfigApplicationContext@7581cac5
22:57:09.019 [Test worker] DEBUG org.springframework.beans.factory.support.DefaultListableBeanFactory - Creating shared instance of singleton bean 'org.springframework.context.annotation.internalConfigurationAnnotationProcessor'
22:57:09.122 [Test worker] DEBUG org.springframework.context.annotation.ClassPathBeanDefinitionScanner - Identified candidate component class: file [C:\Users\User\OneDrive\바탕 화면\SpringBasic\spring_basic\core\build\classes\java\main\hello\core\discount\FixDiscountPolicy.class]
22:57:09.123 [Test worker] DEBUG org.springframework.context.annotation.ClassPathBeanDefinitionScanner - Identified candidate component class: file [C:\Users\User\OneDrive\바탕 화면\SpringBasic\spring_basic\core\build\classes\java\main\hello\core\discount\RateDiscountPolicy.class]
22:57:09.126 [Test worker] DEBUG org.springframework.context.annotation.ClassPathBeanDefinitionScanner - Identified candidate component class: file [C:\Users\User\OneDrive\바탕 화면\SpringBasic\spring_basic\core\build\classes\java\main\hello\core\member\MemberServiceImpl.class]
22:57:09.127 [Test worker] DEBUG org.springframework.context.annotation.ClassPathBeanDefinitionScanner - Identified candidate component class: file [C:\Users\User\OneDrive\바탕 화면\SpringBasic\spring_basic\core\build\classes\java\main\hello\core\member\MemoryMemberRepository.class]
22:57:09.129 [Test worker] DEBUG org.springframework.context.annotation.ClassPathBeanDefinitionScanner - Identified candidate component class: file [C:\Users\User\OneDrive\바탕 화면\SpringBasic\spring_basic\core\build\classes\java\main\hello\core\order\OrderServiceImpl.class]
22:57:09.232 [Test worker] DEBUG org.springframework.beans.factory.support.DefaultListableBeanFactory - Creating shared instance of singleton bean 'org.springframework.context.event.internalEventListenerProcessor'
22:57:09.234 [Test worker] DEBUG org.springframework.beans.factory.support.DefaultListableBeanFactory - Creating shared instance of singleton bean 'org.springframework.context.event.internalEventListenerFactory'
22:57:09.236 [Test worker] DEBUG org.springframework.beans.factory.support.DefaultListableBeanFactory - Creating shared instance of singleton bean 'org.springframework.context.annotation.internalAutowiredAnnotationProcessor'
22:57:09.238 [Test worker] DEBUG org.springframework.beans.factory.support.DefaultListableBeanFactory - Creating shared instance of singleton bean 'org.springframework.context.annotation.internalCommonAnnotationProcessor'
22:57:09.250 [Test worker] DEBUG org.springframework.beans.factory.support.DefaultListableBeanFactory - Creating shared instance of singleton bean 'autoAppConfig'
22:57:09.255 [Test worker] DEBUG org.springframework.beans.factory.support.DefaultListableBeanFactory - Creating shared instance of singleton bean 'allBeanTest.DiscountService'
22:57:09.272 [Test worker] DEBUG org.springframework.beans.factory.support.DefaultListableBeanFactory - Creating shared instance of singleton bean 'fixDiscountPolicy'
22:57:09.273 [Test worker] DEBUG org.springframework.beans.factory.support.DefaultListableBeanFactory - Creating shared instance of singleton bean 'rateDiscountPolicy'
22:57:09.289 [Test worker] DEBUG org.springframework.beans.factory.support.DefaultListableBeanFactory - Autowiring by type from bean name 'allBeanTest.DiscountService' via constructor to bean named 'fixDiscountPolicy'
22:57:09.289 [Test worker] DEBUG org.springframework.beans.factory.support.DefaultListableBeanFactory - Autowiring by type from bean name 'allBeanTest.DiscountService' via constructor to bean named 'rateDiscountPolicy'
policyMap = {fixDiscountPolicy=hello.core.discount.FixDiscountPolicy@35de820b, rateDiscountPolicy=hello.core.discount.RateDiscountPolicy@4cf95f74}
policies = [hello.core.discount.FixDiscountPolicy@35de820b, hello.core.discount.RateDiscountPolicy@4cf95f74]
22:57:09.291 [Test worker] DEBUG org.springframework.beans.factory.support.DefaultListableBeanFactory - Creating shared instance of singleton bean 'memberServiceImpl'
22:57:09.292 [Test worker] DEBUG org.springframework.beans.factory.support.DefaultListableBeanFactory - Creating shared instance of singleton bean 'memoryMemberRepository'
22:57:09.293 [Test worker] DEBUG org.springframework.beans.factory.support.DefaultListableBeanFactory - Autowiring by type from bean name 'memberServiceImpl' via constructor to bean named 'memoryMemberRepository'
22:57:09.293 [Test worker] DEBUG org.springframework.beans.factory.support.DefaultListableBeanFactory - Creating shared instance of singleton bean 'orderServiceImpl'
22:57:09.295 [Test worker] DEBUG org.springframework.beans.factory.support.DefaultListableBeanFactory - Autowiring by type from bean name 'orderServiceImpl' via constructor to bean named 'memoryMemberRepository'
22:57:09.295 [Test worker] DEBUG org.springframework.beans.factory.support.DefaultListableBeanFactory - Autowiring by type from bean name 'orderServiceImpl' via constructor to bean named 'rateDiscountPolicy'
]]></system-out>
  <system-err><![CDATA[]]></system-err>
</testsuite>
