<?xml version="1.0" encoding="UTF-8"?>
<testsuite name="hello.core.scan.AutoAppConfigTest" tests="1" skipped="0" failures="0" errors="0" timestamp="2021-04-27T13:57:11" hostname="T-CHALLA" time="0.06">
  <properties/>
  <testcase name="basicsScan()" classname="hello.core.scan.AutoAppConfigTest" time="0.06"/>
  <system-out><![CDATA[]]></system-out>
  <system-err><![CDATA[]]></system-err>
</testsuite>
