<?xml version="1.0" encoding="UTF-8"?>
<testsuite name="hello.core.beanfind.ApplicationContextExtendsFindTest" tests="5" skipped="0" failures="0" errors="0" timestamp="2021-04-27T13:57:09" hostname="T-CHALLA" time="0.091">
  <properties/>
  <testcase name="부모 타입으로 조회시 자식이 2 이상 있으면 중복 오류가 발생한다." classname="hello.core.beanfind.ApplicationContextExtendsFindTest" time="0.002"/>
  <testcase name="부모 타입으로 모두 조회하기 - Object" classname="hello.core.beanfind.ApplicationContextExtendsFindTest" time="0.011"/>
  <testcase name="특정 하위 타입으로 조회" classname="hello.core.beanfind.ApplicationContextExtendsFindTest" time="0.001"/>
  <testcase name="부모 타입으로 조회시 자식이 2 이상 있으면 빈 이름을 지정하면 된다." classname="hello.core.beanfind.ApplicationContextExtendsFindTest" time="0.004"/>
  <testcase name="부모 타입으로 모두 조회하기" classname="hello.core.beanfind.ApplicationContextExtendsFindTest" time="0.002"/>
  <system-out><![CDATA[22:57:09.571 [Test worker] DEBUG org.springframework.context.annotation.AnnotationConfigApplicationContext - Refreshing org.springframework.context.annotation.AnnotationConfigApplicationContext@5f876892
22:57:09.572 [Test worker] DEBUG org.springframework.beans.factory.support.DefaultListableBeanFactory - Creating shared instance of singleton bean 'org.springframework.context.annotation.internalConfigurationAnnotationProcessor'
22:57:09.581 [Test worker] DEBUG org.springframework.beans.factory.support.DefaultListableBeanFactory - Creating shared instance of singleton bean 'org.springframework.context.event.internalEventListenerProcessor'
22:57:09.582 [Test worker] DEBUG org.springframework.beans.factory.support.DefaultListableBeanFactory - Creating shared instance of singleton bean 'org.springframework.context.event.internalEventListenerFactory'
22:57:09.583 [Test worker] DEBUG org.springframework.beans.factory.support.DefaultListableBeanFactory - Creating shared instance of singleton bean 'org.springframework.context.annotation.internalAutowiredAnnotationProcessor'
22:57:09.584 [Test worker] DEBUG org.springframework.beans.factory.support.DefaultListableBeanFactory - Creating shared instance of singleton bean 'org.springframework.context.annotation.internalCommonAnnotationProcessor'
22:57:09.585 [Test worker] DEBUG org.springframework.beans.factory.support.DefaultListableBeanFactory - Creating shared instance of singleton bean 'applicationContextExtendsFindTest.TestConfig'
22:57:09.587 [Test worker] DEBUG org.springframework.beans.factory.support.DefaultListableBeanFactory - Creating shared instance of singleton bean 'rateDiscountPolicy'
22:57:09.595 [Test worker] DEBUG org.springframework.beans.factory.support.DefaultListableBeanFactory - Creating shared instance of singleton bean 'fixDiscountPolicy'
22:57:09.604 [Test worker] DEBUG org.springframework.context.annotation.AnnotationConfigApplicationContext - Refreshing org.springframework.context.annotation.AnnotationConfigApplicationContext@522ee858
22:57:09.606 [Test worker] DEBUG org.springframework.beans.factory.support.DefaultListableBeanFactory - Creating shared instance of singleton bean 'org.springframework.context.annotation.internalConfigurationAnnotationProcessor'
22:57:09.610 [Test worker] DEBUG org.springframework.beans.factory.support.DefaultListableBeanFactory - Creating shared instance of singleton bean 'org.springframework.context.event.internalEventListenerProcessor'
22:57:09.611 [Test worker] DEBUG org.springframework.beans.factory.support.DefaultListableBeanFactory - Creating shared instance of singleton bean 'org.springframework.context.event.internalEventListenerFactory'
22:57:09.612 [Test worker] DEBUG org.springframework.beans.factory.support.DefaultListableBeanFactory - Creating shared instance of singleton bean 'org.springframework.context.annotation.internalAutowiredAnnotationProcessor'
22:57:09.613 [Test worker] DEBUG org.springframework.beans.factory.support.DefaultListableBeanFactory - Creating shared instance of singleton bean 'org.springframework.context.annotation.internalCommonAnnotationProcessor'
22:57:09.614 [Test worker] DEBUG org.springframework.beans.factory.support.DefaultListableBeanFactory - Creating shared instance of singleton bean 'applicationContextExtendsFindTest.TestConfig'
22:57:09.615 [Test worker] DEBUG org.springframework.beans.factory.support.DefaultListableBeanFactory - Creating shared instance of singleton bean 'rateDiscountPolicy'
22:57:09.616 [Test worker] DEBUG org.springframework.beans.factory.support.DefaultListableBeanFactory - Creating shared instance of singleton bean 'fixDiscountPolicy'
key = org.springframework.context.annotation.internalConfigurationAnnotationProcessor value = org.springframework.context.annotation.ConfigurationClassPostProcessor@485fdb97
key = org.springframework.context.annotation.internalAutowiredAnnotationProcessor value = org.springframework.beans.factory.annotation.AutowiredAnnotationBeanPostProcessor@6c73efbf
key = org.springframework.context.annotation.internalCommonAnnotationProcessor value = org.springframework.context.annotation.CommonAnnotationBeanPostProcessor@4031c1ed
key = org.springframework.context.event.internalEventListenerProcessor value = org.springframework.context.event.EventListenerMethodProcessor@323184e0
key = org.springframework.context.event.internalEventListenerFactory value = org.springframework.context.event.DefaultEventListenerFactory@4046252
key = applicationContextExtendsFindTest.TestConfig value = hello.core.beanfind.ApplicationContextExtendsFindTest$TestConfig$$EnhancerBySpringCGLIB$$d4ef4845@77f96b7a
key = rateDiscountPolicy value = hello.core.discount.RateDiscountPolicy@3989f2c1
key = fixDiscountPolicy value = hello.core.discount.FixDiscountPolicy@7216794
key = environment value = StandardEnvironment {activeProfiles=[], defaultProfiles=[default], propertySources=[PropertiesPropertySource@546345936 {name='systemProperties', properties={java.specification.version=15, sun.cpu.isalist=amd64, sun.jnu.encoding=MS949, org.gradle.test.worker=1, java.class.path=C:\Users\User\.gradle\caches\6.8.3\workerMain\gradle-worker.jar;C:\Users\User\OneDrive\바탕 화면\SpringBasic\spring_basic\core\build\classes\java\test;C:\Users\User\OneDrive\바탕 화면\SpringBasic\spring_basic\core\build\resources\test;C:\Users\User\OneDrive\바탕 화면\SpringBasic\spring_basic\core\build\classes\java\main;C:\Users\User\OneDrive\바탕 화면\SpringBasic\spring_basic\core\build\resources\main;C:\Users\User\.gradle\caches\modules-2\files-2.1\org.springframework.boot\spring-boot-starter-test\2.3.9.RELEASE\d93b597c41f32f85763ae1687eb79c2a2c40445c\spring-boot-starter-test-2.3.9.RELEASE.jar;C:\Users\User\.gradle\caches\modules-2\files-2.1\org.springframework.boot\spring-boot-starter\2.3.9.RELEASE\f23c5a7f12fa9958aafe3d13704287b58e62b513\spring-boot-starter-2.3.9.RELEASE.jar;C:\Users\User\.gradle\caches\modules-2\files-2.1\org.springframework.boot\spring-boot-test-autoconfigure\2.3.9.RELEASE\ad84ed75cdd22667c32eef26ee0424fbf96e5cfb\spring-boot-test-autoconfigure-2.3.9.RELEASE.jar;C:\Users\User\.gradle\caches\modules-2\files-2.1\org.springframework.boot\spring-boot-autoconfigure\2.3.9.RELEASE\bbea8a1a7196c5194c310ed07d2d1b674aeca5f6\spring-boot-autoconfigure-2.3.9.RELEASE.jar;C:\Users\User\.gradle\caches\modules-2\files-2.1\org.springframework.boot\spring-boot-test\2.3.9.RELEASE\f0f09516b1c1c2ccf8768635eabea7303cfa3fe6\spring-boot-test-2.3.9.RELEASE.jar;C:\Users\User\.gradle\caches\modules-2\files-2.1\org.springframework.boot\spring-boot\2.3.9.RELEASE\a5fc1d7406d3cc4cdcca7c449dc43dbd4ff9a9ff\spring-boot-2.3.9.RELEASE.jar;C:\Users\User\.gradle\caches\modules-2\files-2.1\org.springframework.boot\spring-boot-starter-logging\2.3.9.RELEASE\4d60eb273ea3af81db21cb29457b6f170b88a5ce\spring-boot-starter-logging-2.3.9.RELEASE.jar;C:\Users\User\.gradle\caches\modules-2\files-2.1\jakarta.annotation\jakarta.annotation-api\1.3.5\59eb84ee0d616332ff44aba065f3888cf002cd2d\jakarta.annotation-api-1.3.5.jar;C:\Users\User\.gradle\caches\modules-2\files-2.1\org.springframework\spring-test\5.2.13.RELEASE\807c081a4a5308d794175bad794c8af5c4b317de\spring-test-5.2.13.RELEASE.jar;C:\Users\User\.gradle\caches\modules-2\files-2.1\org.springframework\spring-context\5.2.13.RELEASE\39d5cbdfd2bd8d8f3feebb6c34b7ca5abfa40eee\spring-context-5.2.13.RELEASE.jar;C:\Users\User\.gradle\caches\modules-2\files-2.1\org.springframework\spring-aop\5.2.13.RELEASE\151d163df77378a6e0eec132b29e9fe492e30f3f\spring-aop-5.2.13.RELEASE.jar;C:\Users\User\.gradle\caches\modules-2\files-2.1\org.springframework\spring-beans\5.2.13.RELEASE\b20c22c16270e758441bb7f3ce6707c9034083bb\spring-beans-5.2.13.RELEASE.jar;C:\Users\User\.gradle\caches\modules-2\files-2.1\org.springframework\spring-expression\5.2.13.RELEASE\1a59010115eace4f66a245ea299760c5401c43f7\spring-expression-5.2.13.RELEASE.jar;C:\Users\User\.gradle\caches\modules-2\files-2.1\org.springframework\spring-core\5.2.13.RELEASE\13c07193d28c9c13de50389b5b179d17ada8d314\spring-core-5.2.13.RELEASE.jar;C:\Users\User\.gradle\caches\modules-2\files-2.1\org.yaml\snakeyaml\1.26\a78a8747147d2c5807683e76ec2b633e95c14fe9\snakeyaml-1.26.jar;C:\Users\User\.gradle\caches\modules-2\files-2.1\com.jayway.jsonpath\json-path\2.4.0\765a4401ceb2dc8d40553c2075eb80a8fa35c2ae\json-path-2.4.0.jar;C:\Users\User\.gradle\caches\modules-2\files-2.1\jakarta.xml.bind\jakarta.xml.bind-api\2.3.3\48e3b9cfc10752fba3521d6511f4165bea951801\jakarta.xml.bind-api-2.3.3.jar;C:\Users\User\.gradle\caches\modules-2\files-2.1\org.assertj\assertj-core\3.16.1\6e772120aff69ca3d1583b3d1b36b7529de43ba1\assertj-core-3.16.1.jar;C:\Users\User\.gradle\caches\modules-2\files-2.1\org.hamcrest\hamcrest\2.2\1820c0968dba3a11a1b30669bb1f01978a91dedc\hamcrest-2.2.jar;C:\Users\User\.gradle\caches\modules-2\files-2.1\org.mockito\mockito-junit-jupiter\3.3.3\1176ce43cf773e11a5a318ff04e57e55f9187347\mockito-junit-jupiter-3.3.3.jar;C:\Users\User\.gradle\caches\modules-2\files-2.1\org.junit.jupiter\junit-jupiter-params\5.6.3\fb4a394249d18d56d6f527b7c547cb400037a016\junit-jupiter-params-5.6.3.jar;C:\Users\User\.gradle\caches\modules-2\files-2.1\org.junit.jupiter\junit-jupiter-engine\5.6.3\234f250d1608684c4436d72214e7530f23cb8a03\junit-jupiter-engine-5.6.3.jar;C:\Users\User\.gradle\caches\modules-2\files-2.1\org.junit.jupiter\junit-jupiter-api\5.6.3\73ea5e2b7f112616315d3e2325a98e6e93c2813a\junit-jupiter-api-5.6.3.jar;C:\Users\User\.gradle\caches\modules-2\files-2.1\org.junit.platform\junit-platform-engine\1.6.3\a926b9bbc7fe67c5795ee1f00cc1b618b313e5ce\junit-platform-engine-1.6.3.jar;C:\Users\User\.gradle\caches\modules-2\files-2.1\org.junit.platform\junit-platform-commons\1.6.3\7ce526bbb9e6202e8a30140a50bfff644fddd10e\junit-platform-commons-1.6.3.jar;C:\Users\User\.gradle\caches\modules-2\files-2.1\org.junit.jupiter\junit-jupiter\5.6.3\e02aa6453c90c8fb12a88212df94d477dc97ad9b\junit-jupiter-5.6.3.jar;C:\Users\User\.gradle\caches\modules-2\files-2.1\org.mockito\mockito-core\3.3.3\4878395d4e63173f3825e17e5e0690e8054445f1\mockito-core-3.3.3.jar;C:\Users\User\.gradle\caches\modules-2\files-2.1\org.skyscreamer\jsonassert\1.5.0\6c9d5fe2f59da598d9aefc1cfc6528ff3cf32df3\jsonassert-1.5.0.jar;C:\Users\User\.gradle\caches\modules-2\files-2.1\org.xmlunit\xmlunit-core\2.7.0\4d014eac96329c70175116b185749765cee0aad5\xmlunit-core-2.7.0.jar;C:\Users\User\.gradle\caches\modules-2\files-2.1\ch.qos.logback\logback-classic\1.2.3\7c4f3c474fb2c041d8028740440937705ebb473a\logback-classic-1.2.3.jar;C:\Users\User\.gradle\caches\modules-2\files-2.1\org.apache.logging.log4j\log4j-to-slf4j\2.13.3\966f6fd1af4959d6b12bfa880121d4a2b164f857\log4j-to-slf4j-2.13.3.jar;C:\Users\User\.gradle\caches\modules-2\files-2.1\org.slf4j\jul-to-slf4j\1.7.30\d58bebff8cbf70ff52b59208586095f467656c30\jul-to-slf4j-1.7.30.jar;C:\Users\User\.gradle\caches\modules-2\files-2.1\org.springframework\spring-jcl\5.2.13.RELEASE\ee19a844ebbc0b63d89144eb8ae74a91d45a095c\spring-jcl-5.2.13.RELEASE.jar;C:\Users\User\.gradle\caches\modules-2\files-2.1\net.minidev\json-smart\2.3\7396407491352ce4fa30de92efb158adb76b5b\json-smart-2.3.jar;C:\Users\User\.gradle\caches\modules-2\files-2.1\org.slf4j\slf4j-api\1.7.30\b5a4b6d16ab13e34a88fae84c35cd5d68cac922c\slf4j-api-1.7.30.jar;C:\Users\User\.gradle\caches\modules-2\files-2.1\jakarta.activation\jakarta.activation-api\1.2.2\99f53adba383cb1bf7c3862844488574b559621f\jakarta.activation-api-1.2.2.jar;C:\Users\User\.gradle\caches\modules-2\files-2.1\net.bytebuddy\byte-buddy\1.10.20\c5d2d12c75c5d52f8df33f4211e6dbd05a42b117\byte-buddy-1.10.20.jar;C:\Users\User\.gradle\caches\modules-2\files-2.1\net.bytebuddy\byte-buddy-agent\1.10.20\8391bfea9da53fd92edd4a453571ef70b3aae09f\byte-buddy-agent-1.10.20.jar;C:\Users\User\.gradle\caches\modules-2\files-2.1\org.objenesis\objenesis\2.6\639033469776fd37c08358c6b92a4761feb2af4b\objenesis-2.6.jar;C:\Users\User\.gradle\caches\modules-2\files-2.1\com.vaadin.external.google\android-json\0.0.20131108.vaadin1\fa26d351fe62a6a17f5cda1287c1c6110dec413f\android-json-0.0.20131108.vaadin1.jar;C:\Users\User\.gradle\caches\modules-2\files-2.1\ch.qos.logback\logback-core\1.2.3\864344400c3d4d92dfeb0a305dc87d953677c03c\logback-core-1.2.3.jar;C:\Users\User\.gradle\caches\modules-2\files-2.1\org.apache.logging.log4j\log4j-api\2.13.3\ec1508160b93d274b1add34419b897bae84c6ca9\log4j-api-2.13.3.jar;C:\Users\User\.gradle\caches\modules-2\files-2.1\net.minidev\accessors-smart\1.2\c592b500269bfde36096641b01238a8350f8aa31\accessors-smart-1.2.jar;C:\Users\User\.gradle\caches\modules-2\files-2.1\org.apiguardian\apiguardian-api\1.1.0\fc9dff4bb36d627bdc553de77e1f17efd790876c\apiguardian-api-1.1.0.jar;C:\Users\User\.gradle\caches\modules-2\files-2.1\org.opentest4j\opentest4j\1.2.0\28c11eb91f9b6d8e200631d46e20a7f407f2a046\opentest4j-1.2.0.jar;C:\Users\User\.gradle\caches\modules-2\files-2.1\org.ow2.asm\asm\5.0.4\da08b8cce7bbf903602a25a3a163ae252435795\asm-5.0.4.jar, java.vm.vendor=Oracle Corporation, sun.arch.data.model=64, user.variant=, java.vendor.url=https://java.oracle.com/, user.timezone=Asia/Seoul, java.vm.specification.version=15, os.name=Windows 10, user.country=KR, sun.java.launcher=SUN_STANDARD, sun.boot.library.path=C:\Program Files\Java\jdk-15.0.2\bin, sun.java.command=worker.org.gradle.process.internal.worker.GradleWorkerMain 'Gradle Test Executor 1', jdk.debug=release, sun.cpu.endian=little, user.home=C:\Users\User, user.language=ko, java.specification.vendor=Oracle Corporation, org.gradle.native=false, java.version.date=2021-01-19, java.home=C:\Program Files\Java\jdk-15.0.2, file.separator=\, java.vm.compressedOopsMode=32-bit, line.separator=
, java.vm.specification.vendor=Oracle Corporation, java.specification.name=Java Platform API Specification, user.script=, sun.management.compiler=HotSpot 64-Bit Tiered Compilers, java.runtime.version=15.0.2+7-27, user.name=User, path.separator=;, os.version=10.0, java.runtime.name=Java(TM) SE Runtime Environment, file.encoding=x-windows-949, java.vm.name=Java HotSpot(TM) 64-Bit Server VM, java.vendor.url.bug=https://bugreport.java.com/bugreport/, java.io.tmpdir=C:\Users\User\AppData\Local\Temp\, java.version=15.0.2, user.dir=C:\Users\User\OneDrive\바탕 화면\SpringBasic\spring_basic\core, os.arch=amd64, java.vm.specification.name=Java Virtual Machine Specification, sun.os.patch.level=, java.library.path=C:\Program Files\Java\jdk-15.0.2\bin;C:\WINDOWS\Sun\Java\bin;C:\WINDOWS\system32;C:\WINDOWS;C:\Program Files\Java\jdk-11.0.11\bin;C:\Program Files\NVIDIA GPU Computing Toolkit\CUDA\v10.1\bin;C:\Program Files\NVIDIA GPU Computing Toolkit\CUDA\v10.1\libnvvp;C:\Program Files\Common Files\Oracle\Java\javapath;C:\Program Files (x86)\Common Files\Oracle\Java\javapath;C:\Program Files (x86)\Intel\Intel(R) Management Engine Components\iCLS\;C:\Program Files\Intel\Intel(R) Management Engine Components\iCLS\;C:\Windows\system32;C:\Windows;C:\Windows\System32\Wbem;C:\Windows\System32\WindowsPowerShell\v1.0\;C:\Windows\System32\OpenSSH\;C:\Program Files (x86)\Intel\Intel(R) Management Engine Components\DAL;C:\Program Files\Intel\Intel(R) Management Engine Components\DAL;C:\Program Files (x86)\Intel\Intel(R) Management Engine Components\IPT;C:\Program Files\Intel\Intel(R) Management Engine Components\IPT;C:\Program Files (x86)\NVIDIA Corporation\PhysX\Common;C:\Program Files\Intel\WiFi\bin\;C:\Program Files\Common Files\Intel\WirelessCommon\;C:\Program Files\dotnet\;C:\Program Files\NVIDIA Corporation\NVIDIA NvDLISR;C:\WINDOWS\system32;C:\WINDOWS;C:\WINDOWS\System32\Wbem;C:\WINDOWS\System32\WindowsPowerShell\v1.0\;C:\WINDOWS\System32\OpenSSH\;C:\Program Files\Git\cmd;C:\Program Files\nodejs\;C:\WINDOWS\system32;C:\WINDOWS;C:\WINDOWS\System32\Wbem;C:\WINDOWS\System32\WindowsPowerShell\v1.0\;C:\WINDOWS\System32\OpenSSH\;C:\Python37;C:\Python37\Scripts;C:\MinGW\bin;C:\MinGW\bin;C:\opencv\build\x64\vc15\bin;C:\Program Files\NVIDIA Corporation\Nsight Compute 2019.4.0\;C:\Program Files\Docker\Docker\resources\bin;C:\ProgramData\DockerDesktop\version-bin;C:\Program Files\MySQL\MySQL Shell 8.0\bin\;C:\Users\User\AppData\Local\atom\bin;C:\Users\User\AppData\Roaming\npm;C:\Program Files\swipl\bin;C:\Users\User\AppData\Local\Microsoft\WindowsApps;C:\Users\User\AppData\Local\Programs\Microsoft VS Code\bin;C:\Users\User\AppData\Local\gitkraken\bin;C:\Program Files\JetBrains\IntelliJ IDEA Community Edition 2021.1\bin;;C:\Program Files\JetBrains\PyCharm Community Edition 2020.3.4\bin;;., java.vm.info=mixed mode, sharing, java.vendor=Oracle Corporation, java.vm.version=15.0.2+7-27, sun.io.unicode.encoding=UnicodeLittle, java.class.version=59.0}}, SystemEnvironmentPropertySource@479104515 {name='systemEnvironment', properties={USERDOMAIN_ROAMINGPROFILE=T-CHALLA, PROCESSOR_LEVEL=6, SESSIONNAME=Console, ALLUSERSPROFILE=C:\ProgramData, PROCESSOR_ARCHITECTURE=AMD64, PSModulePath=C:\Program Files\WindowsPowerShell\Modules;C:\WINDOWS\system32\WindowsPowerShell\v1.0\Modules, SystemDrive=C:, USERNAME=User, ProgramFiles(x86)=C:\Program Files (x86), FPS_BROWSER_USER_PROFILE_STRING=Default, CUDA_PATH_V10_1=C:\Program Files\NVIDIA GPU Computing Toolkit\CUDA\v10.1, PATHEXT=.COM;.EXE;.BAT;.CMD;.VBS;.VBE;.JS;.JSE;.WSF;.WSH;.MSC, DriverData=C:\Windows\System32\Drivers\DriverData, IntelliJ IDEA Community Edition=C:\Program Files\JetBrains\IntelliJ IDEA Community Edition 2021.1\bin;, PyCharm Community Edition=C:\Program Files\JetBrains\PyCharm Community Edition 2020.3.4\bin;, ProgramData=C:\ProgramData, ProgramW6432=C:\Program Files, HOMEPATH=\Users\User, NVCUDASAMPLES10_1_ROOT=C:\ProgramData\NVIDIA Corporation\CUDA Samples\v10.1, PROCESSOR_IDENTIFIER=Intel64 Family 6 Model 158 Stepping 10, GenuineIntel, ProgramFiles=C:\Program Files, PUBLIC=C:\Users\Public, windir=C:\WINDOWS, =::=::\, VS150COMCOMNTOOLS=C:\Program Files (x86)\Microsoft Visual Studio\2017\Community\Common7\Tools\, LOCALAPPDATA=C:\Users\User\AppData\Local, USERDOMAIN=T-CHALLA, FPS_BROWSER_APP_PROFILE_STRING=Internet Explorer, LOGONSERVER=\\T-CHALLA, JAVA_HOME=C:\Program Files\Java\jdk-11.0.11, OneDrive=C:\Users\User\OneDrive, APPDATA=C:\Users\User\AppData\Roaming, NVTOOLSEXT_PATH=C:\Program Files\NVIDIA Corporation\NvToolsExt\, CommonProgramFiles=C:\Program Files\Common Files, Path=C:\Program Files\Java\jdk-11.0.11\bin;C:\Program Files\NVIDIA GPU Computing Toolkit\CUDA\v10.1\bin;C:\Program Files\NVIDIA GPU Computing Toolkit\CUDA\v10.1\libnvvp;C:\Program Files\Common Files\Oracle\Java\javapath;C:\Program Files (x86)\Common Files\Oracle\Java\javapath;C:\Program Files (x86)\Intel\Intel(R) Management Engine Components\iCLS\;C:\Program Files\Intel\Intel(R) Management Engine Components\iCLS\;C:\Windows\system32;C:\Windows;C:\Windows\System32\Wbem;C:\Windows\System32\WindowsPowerShell\v1.0\;C:\Windows\System32\OpenSSH\;C:\Program Files (x86)\Intel\Intel(R) Management Engine Components\DAL;C:\Program Files\Intel\Intel(R) Management Engine Components\DAL;C:\Program Files (x86)\Intel\Intel(R) Management Engine Components\IPT;C:\Program Files\Intel\Intel(R) Management Engine Components\IPT;C:\Program Files (x86)\NVIDIA Corporation\PhysX\Common;C:\Program Files\Intel\WiFi\bin\;C:\Program Files\Common Files\Intel\WirelessCommon\;C:\Program Files\dotnet\;C:\Program Files\NVIDIA Corporation\NVIDIA NvDLISR;C:\WINDOWS\system32;C:\WINDOWS;C:\WINDOWS\System32\Wbem;C:\WINDOWS\System32\WindowsPowerShell\v1.0\;C:\WINDOWS\System32\OpenSSH\;C:\Program Files\Git\cmd;C:\Program Files\nodejs\;C:\WINDOWS\system32;C:\WINDOWS;C:\WINDOWS\System32\Wbem;C:\WINDOWS\System32\WindowsPowerShell\v1.0\;C:\WINDOWS\System32\OpenSSH\;C:\Python37;C:\Python37\Scripts;C:\MinGW\bin;C:\MinGW\bin;C:\opencv\build\x64\vc15\bin;C:\Program Files\NVIDIA Corporation\Nsight Compute 2019.4.0\;C:\Program Files\Docker\Docker\resources\bin;C:\ProgramData\DockerDesktop\version-bin;C:\Program Files\MySQL\MySQL Shell 8.0\bin\;C:\Users\User\AppData\Local\atom\bin;C:\Users\User\AppData\Roaming\npm;C:\Program Files\swipl\bin;C:\Users\User\AppData\Local\Microsoft\WindowsApps;C:\Users\User\AppData\Local\Programs\Microsoft VS Code\bin;C:\Users\User\AppData\Local\gitkraken\bin;C:\Program Files\JetBrains\IntelliJ IDEA Community Edition 2021.1\bin;;C:\Program Files\JetBrains\PyCharm Community Edition 2020.3.4\bin;, OS=Windows_NT, COMPUTERNAME=T-CHALLA, NVCUDASAMPLES_ROOT=C:\ProgramData\NVIDIA Corporation\CUDA Samples\v10.1, CUDA_PATH=C:\Program Files\NVIDIA GPU Computing Toolkit\CUDA\v10.1, PROCESSOR_REVISION=9e0a, CLASSPATH=%classpath%;.;.;., CommonProgramW6432=C:\Program Files\Common Files, ComSpec=C:\WINDOWS\system32\cmd.exe, SystemRoot=C:\WINDOWS, TEMP=C:\Users\User\AppData\Local\Temp, HOMEDRIVE=C:, USERPROFILE=C:\Users\User, TMP=C:\Users\User\AppData\Local\Temp, CommonProgramFiles(x86)=C:\Program Files (x86)\Common Files, NUMBER_OF_PROCESSORS=12, IDEA_INITIAL_DIRECTORY=C:\Users\User\OneDrive\바탕 화면}}]}
key = systemProperties value = {java.specification.version=15, sun.cpu.isalist=amd64, sun.jnu.encoding=MS949, org.gradle.test.worker=1, java.class.path=C:\Users\User\.gradle\caches\6.8.3\workerMain\gradle-worker.jar;C:\Users\User\OneDrive\바탕 화면\SpringBasic\spring_basic\core\build\classes\java\test;C:\Users\User\OneDrive\바탕 화면\SpringBasic\spring_basic\core\build\resources\test;C:\Users\User\OneDrive\바탕 화면\SpringBasic\spring_basic\core\build\classes\java\main;C:\Users\User\OneDrive\바탕 화면\SpringBasic\spring_basic\core\build\resources\main;C:\Users\User\.gradle\caches\modules-2\files-2.1\org.springframework.boot\spring-boot-starter-test\2.3.9.RELEASE\d93b597c41f32f85763ae1687eb79c2a2c40445c\spring-boot-starter-test-2.3.9.RELEASE.jar;C:\Users\User\.gradle\caches\modules-2\files-2.1\org.springframework.boot\spring-boot-starter\2.3.9.RELEASE\f23c5a7f12fa9958aafe3d13704287b58e62b513\spring-boot-starter-2.3.9.RELEASE.jar;C:\Users\User\.gradle\caches\modules-2\files-2.1\org.springframework.boot\spring-boot-test-autoconfigure\2.3.9.RELEASE\ad84ed75cdd22667c32eef26ee0424fbf96e5cfb\spring-boot-test-autoconfigure-2.3.9.RELEASE.jar;C:\Users\User\.gradle\caches\modules-2\files-2.1\org.springframework.boot\spring-boot-autoconfigure\2.3.9.RELEASE\bbea8a1a7196c5194c310ed07d2d1b674aeca5f6\spring-boot-autoconfigure-2.3.9.RELEASE.jar;C:\Users\User\.gradle\caches\modules-2\files-2.1\org.springframework.boot\spring-boot-test\2.3.9.RELEASE\f0f09516b1c1c2ccf8768635eabea7303cfa3fe6\spring-boot-test-2.3.9.RELEASE.jar;C:\Users\User\.gradle\caches\modules-2\files-2.1\org.springframework.boot\spring-boot\2.3.9.RELEASE\a5fc1d7406d3cc4cdcca7c449dc43dbd4ff9a9ff\spring-boot-2.3.9.RELEASE.jar;C:\Users\User\.gradle\caches\modules-2\files-2.1\org.springframework.boot\spring-boot-starter-logging\2.3.9.RELEASE\4d60eb273ea3af81db21cb29457b6f170b88a5ce\spring-boot-starter-logging-2.3.9.RELEASE.jar;C:\Users\User\.gradle\caches\modules-2\files-2.1\jakarta.annotation\jakarta.annotation-api\1.3.5\59eb84ee0d616332ff44aba065f3888cf002cd2d\jakarta.annotation-api-1.3.5.jar;C:\Users\User\.gradle\caches\modules-2\files-2.1\org.springframework\spring-test\5.2.13.RELEASE\807c081a4a5308d794175bad794c8af5c4b317de\spring-test-5.2.13.RELEASE.jar;C:\Users\User\.gradle\caches\modules-2\files-2.1\org.springframework\spring-context\5.2.13.RELEASE\39d5cbdfd2bd8d8f3feebb6c34b7ca5abfa40eee\spring-context-5.2.13.RELEASE.jar;C:\Users\User\.gradle\caches\modules-2\files-2.1\org.springframework\spring-aop\5.2.13.RELEASE\151d163df77378a6e0eec132b29e9fe492e30f3f\spring-aop-5.2.13.RELEASE.jar;C:\Users\User\.gradle\caches\modules-2\files-2.1\org.springframework\spring-beans\5.2.13.RELEASE\b20c22c16270e758441bb7f3ce6707c9034083bb\spring-beans-5.2.13.RELEASE.jar;C:\Users\User\.gradle\caches\modules-2\files-2.1\org.springframework\spring-expression\5.2.13.RELEASE\1a59010115eace4f66a245ea299760c5401c43f7\spring-expression-5.2.13.RELEASE.jar;C:\Users\User\.gradle\caches\modules-2\files-2.1\org.springframework\spring-core\5.2.13.RELEASE\13c07193d28c9c13de50389b5b179d17ada8d314\spring-core-5.2.13.RELEASE.jar;C:\Users\User\.gradle\caches\modules-2\files-2.1\org.yaml\snakeyaml\1.26\a78a8747147d2c5807683e76ec2b633e95c14fe9\snakeyaml-1.26.jar;C:\Users\User\.gradle\caches\modules-2\files-2.1\com.jayway.jsonpath\json-path\2.4.0\765a4401ceb2dc8d40553c2075eb80a8fa35c2ae\json-path-2.4.0.jar;C:\Users\User\.gradle\caches\modules-2\files-2.1\jakarta.xml.bind\jakarta.xml.bind-api\2.3.3\48e3b9cfc10752fba3521d6511f4165bea951801\jakarta.xml.bind-api-2.3.3.jar;C:\Users\User\.gradle\caches\modules-2\files-2.1\org.assertj\assertj-core\3.16.1\6e772120aff69ca3d1583b3d1b36b7529de43ba1\assertj-core-3.16.1.jar;C:\Users\User\.gradle\caches\modules-2\files-2.1\org.hamcrest\hamcrest\2.2\1820c0968dba3a11a1b30669bb1f01978a91dedc\hamcrest-2.2.jar;C:\Users\User\.gradle\caches\modules-2\files-2.1\org.mockito\mockito-junit-jupiter\3.3.3\1176ce43cf773e11a5a318ff04e57e55f9187347\mockito-junit-jupiter-3.3.3.jar;C:\Users\User\.gradle\caches\modules-2\files-2.1\org.junit.jupiter\junit-jupiter-params\5.6.3\fb4a394249d18d56d6f527b7c547cb400037a016\junit-jupiter-params-5.6.3.jar;C:\Users\User\.gradle\caches\modules-2\files-2.1\org.junit.jupiter\junit-jupiter-engine\5.6.3\234f250d1608684c4436d72214e7530f23cb8a03\junit-jupiter-engine-5.6.3.jar;C:\Users\User\.gradle\caches\modules-2\files-2.1\org.junit.jupiter\junit-jupiter-api\5.6.3\73ea5e2b7f112616315d3e2325a98e6e93c2813a\junit-jupiter-api-5.6.3.jar;C:\Users\User\.gradle\caches\modules-2\files-2.1\org.junit.platform\junit-platform-engine\1.6.3\a926b9bbc7fe67c5795ee1f00cc1b618b313e5ce\junit-platform-engine-1.6.3.jar;C:\Users\User\.gradle\caches\modules-2\files-2.1\org.junit.platform\junit-platform-commons\1.6.3\7ce526bbb9e6202e8a30140a50bfff644fddd10e\junit-platform-commons-1.6.3.jar;C:\Users\User\.gradle\caches\modules-2\files-2.1\org.junit.jupiter\junit-jupiter\5.6.3\e02aa6453c90c8fb12a88212df94d477dc97ad9b\junit-jupiter-5.6.3.jar;C:\Users\User\.gradle\caches\modules-2\files-2.1\org.mockito\mockito-core\3.3.3\4878395d4e63173f3825e17e5e0690e8054445f1\mockito-core-3.3.3.jar;C:\Users\User\.gradle\caches\modules-2\files-2.1\org.skyscreamer\jsonassert\1.5.0\6c9d5fe2f59da598d9aefc1cfc6528ff3cf32df3\jsonassert-1.5.0.jar;C:\Users\User\.gradle\caches\modules-2\files-2.1\org.xmlunit\xmlunit-core\2.7.0\4d014eac96329c70175116b185749765cee0aad5\xmlunit-core-2.7.0.jar;C:\Users\User\.gradle\caches\modules-2\files-2.1\ch.qos.logback\logback-classic\1.2.3\7c4f3c474fb2c041d8028740440937705ebb473a\logback-classic-1.2.3.jar;C:\Users\User\.gradle\caches\modules-2\files-2.1\org.apache.logging.log4j\log4j-to-slf4j\2.13.3\966f6fd1af4959d6b12bfa880121d4a2b164f857\log4j-to-slf4j-2.13.3.jar;C:\Users\User\.gradle\caches\modules-2\files-2.1\org.slf4j\jul-to-slf4j\1.7.30\d58bebff8cbf70ff52b59208586095f467656c30\jul-to-slf4j-1.7.30.jar;C:\Users\User\.gradle\caches\modules-2\files-2.1\org.springframework\spring-jcl\5.2.13.RELEASE\ee19a844ebbc0b63d89144eb8ae74a91d45a095c\spring-jcl-5.2.13.RELEASE.jar;C:\Users\User\.gradle\caches\modules-2\files-2.1\net.minidev\json-smart\2.3\7396407491352ce4fa30de92efb158adb76b5b\json-smart-2.3.jar;C:\Users\User\.gradle\caches\modules-2\files-2.1\org.slf4j\slf4j-api\1.7.30\b5a4b6d16ab13e34a88fae84c35cd5d68cac922c\slf4j-api-1.7.30.jar;C:\Users\User\.gradle\caches\modules-2\files-2.1\jakarta.activation\jakarta.activation-api\1.2.2\99f53adba383cb1bf7c3862844488574b559621f\jakarta.activation-api-1.2.2.jar;C:\Users\User\.gradle\caches\modules-2\files-2.1\net.bytebuddy\byte-buddy\1.10.20\c5d2d12c75c5d52f8df33f4211e6dbd05a42b117\byte-buddy-1.10.20.jar;C:\Users\User\.gradle\caches\modules-2\files-2.1\net.bytebuddy\byte-buddy-agent\1.10.20\8391bfea9da53fd92edd4a453571ef70b3aae09f\byte-buddy-agent-1.10.20.jar;C:\Users\User\.gradle\caches\modules-2\files-2.1\org.objenesis\objenesis\2.6\639033469776fd37c08358c6b92a4761feb2af4b\objenesis-2.6.jar;C:\Users\User\.gradle\caches\modules-2\files-2.1\com.vaadin.external.google\android-json\0.0.20131108.vaadin1\fa26d351fe62a6a17f5cda1287c1c6110dec413f\android-json-0.0.20131108.vaadin1.jar;C:\Users\User\.gradle\caches\modules-2\files-2.1\ch.qos.logback\logback-core\1.2.3\864344400c3d4d92dfeb0a305dc87d953677c03c\logback-core-1.2.3.jar;C:\Users\User\.gradle\caches\modules-2\files-2.1\org.apache.logging.log4j\log4j-api\2.13.3\ec1508160b93d274b1add34419b897bae84c6ca9\log4j-api-2.13.3.jar;C:\Users\User\.gradle\caches\modules-2\files-2.1\net.minidev\accessors-smart\1.2\c592b500269bfde36096641b01238a8350f8aa31\accessors-smart-1.2.jar;C:\Users\User\.gradle\caches\modules-2\files-2.1\org.apiguardian\apiguardian-api\1.1.0\fc9dff4bb36d627bdc553de77e1f17efd790876c\apiguardian-api-1.1.0.jar;C:\Users\User\.gradle\caches\modules-2\files-2.1\org.opentest4j\opentest4j\1.2.0\28c11eb91f9b6d8e200631d46e20a7f407f2a046\opentest4j-1.2.0.jar;C:\Users\User\.gradle\caches\modules-2\files-2.1\org.ow2.asm\asm\5.0.4\da08b8cce7bbf903602a25a3a163ae252435795\asm-5.0.4.jar, java.vm.vendor=Oracle Corporation, sun.arch.data.model=64, user.variant=, java.vendor.url=https://java.oracle.com/, user.timezone=Asia/Seoul, java.vm.specification.version=15, os.name=Windows 10, user.country=KR, sun.java.launcher=SUN_STANDARD, sun.boot.library.path=C:\Program Files\Java\jdk-15.0.2\bin, sun.java.command=worker.org.gradle.process.internal.worker.GradleWorkerMain 'Gradle Test Executor 1', jdk.debug=release, sun.cpu.endian=little, user.home=C:\Users\User, user.language=ko, java.specification.vendor=Oracle Corporation, org.gradle.native=false, java.version.date=2021-01-19, java.home=C:\Program Files\Java\jdk-15.0.2, file.separator=\, java.vm.compressedOopsMode=32-bit, line.separator=
, java.vm.specification.vendor=Oracle Corporation, java.specification.name=Java Platform API Specification, user.script=, sun.management.compiler=HotSpot 64-Bit Tiered Compilers, java.runtime.version=15.0.2+7-27, user.name=User, path.separator=;, os.version=10.0, java.runtime.name=Java(TM) SE Runtime Environment, file.encoding=x-windows-949, java.vm.name=Java HotSpot(TM) 64-Bit Server VM, java.vendor.url.bug=https://bugreport.java.com/bugreport/, java.io.tmpdir=C:\Users\User\AppData\Local\Temp\, java.version=15.0.2, user.dir=C:\Users\User\OneDrive\바탕 화면\SpringBasic\spring_basic\core, os.arch=amd64, java.vm.specification.name=Java Virtual Machine Specification, sun.os.patch.level=, java.library.path=C:\Program Files\Java\jdk-15.0.2\bin;C:\WINDOWS\Sun\Java\bin;C:\WINDOWS\system32;C:\WINDOWS;C:\Program Files\Java\jdk-11.0.11\bin;C:\Program Files\NVIDIA GPU Computing Toolkit\CUDA\v10.1\bin;C:\Program Files\NVIDIA GPU Computing Toolkit\CUDA\v10.1\libnvvp;C:\Program Files\Common Files\Oracle\Java\javapath;C:\Program Files (x86)\Common Files\Oracle\Java\javapath;C:\Program Files (x86)\Intel\Intel(R) Management Engine Components\iCLS\;C:\Program Files\Intel\Intel(R) Management Engine Components\iCLS\;C:\Windows\system32;C:\Windows;C:\Windows\System32\Wbem;C:\Windows\System32\WindowsPowerShell\v1.0\;C:\Windows\System32\OpenSSH\;C:\Program Files (x86)\Intel\Intel(R) Management Engine Components\DAL;C:\Program Files\Intel\Intel(R) Management Engine Components\DAL;C:\Program Files (x86)\Intel\Intel(R) Management Engine Components\IPT;C:\Program Files\Intel\Intel(R) Management Engine Components\IPT;C:\Program Files (x86)\NVIDIA Corporation\PhysX\Common;C:\Program Files\Intel\WiFi\bin\;C:\Program Files\Common Files\Intel\WirelessCommon\;C:\Program Files\dotnet\;C:\Program Files\NVIDIA Corporation\NVIDIA NvDLISR;C:\WINDOWS\system32;C:\WINDOWS;C:\WINDOWS\System32\Wbem;C:\WINDOWS\System32\WindowsPowerShell\v1.0\;C:\WINDOWS\System32\OpenSSH\;C:\Program Files\Git\cmd;C:\Program Files\nodejs\;C:\WINDOWS\system32;C:\WINDOWS;C:\WINDOWS\System32\Wbem;C:\WINDOWS\System32\WindowsPowerShell\v1.0\;C:\WINDOWS\System32\OpenSSH\;C:\Python37;C:\Python37\Scripts;C:\MinGW\bin;C:\MinGW\bin;C:\opencv\build\x64\vc15\bin;C:\Program Files\NVIDIA Corporation\Nsight Compute 2019.4.0\;C:\Program Files\Docker\Docker\resources\bin;C:\ProgramData\DockerDesktop\version-bin;C:\Program Files\MySQL\MySQL Shell 8.0\bin\;C:\Users\User\AppData\Local\atom\bin;C:\Users\User\AppData\Roaming\npm;C:\Program Files\swipl\bin;C:\Users\User\AppData\Local\Microsoft\WindowsApps;C:\Users\User\AppData\Local\Programs\Microsoft VS Code\bin;C:\Users\User\AppData\Local\gitkraken\bin;C:\Program Files\JetBrains\IntelliJ IDEA Community Edition 2021.1\bin;;C:\Program Files\JetBrains\PyCharm Community Edition 2020.3.4\bin;;., java.vm.info=mixed mode, sharing, java.vendor=Oracle Corporation, java.vm.version=15.0.2+7-27, sun.io.unicode.encoding=UnicodeLittle, java.class.version=59.0}
key = systemEnvironment value = {USERDOMAIN_ROAMINGPROFILE=T-CHALLA, PROCESSOR_LEVEL=6, SESSIONNAME=Console, ALLUSERSPROFILE=C:\ProgramData, PROCESSOR_ARCHITECTURE=AMD64, PSModulePath=C:\Program Files\WindowsPowerShell\Modules;C:\WINDOWS\system32\WindowsPowerShell\v1.0\Modules, SystemDrive=C:, USERNAME=User, ProgramFiles(x86)=C:\Program Files (x86), FPS_BROWSER_USER_PROFILE_STRING=Default, CUDA_PATH_V10_1=C:\Program Files\NVIDIA GPU Computing Toolkit\CUDA\v10.1, PATHEXT=.COM;.EXE;.BAT;.CMD;.VBS;.VBE;.JS;.JSE;.WSF;.WSH;.MSC, DriverData=C:\Windows\System32\Drivers\DriverData, IntelliJ IDEA Community Edition=C:\Program Files\JetBrains\IntelliJ IDEA Community Edition 2021.1\bin;, PyCharm Community Edition=C:\Program Files\JetBrains\PyCharm Community Edition 2020.3.4\bin;, ProgramData=C:\ProgramData, ProgramW6432=C:\Program Files, HOMEPATH=\Users\User, NVCUDASAMPLES10_1_ROOT=C:\ProgramData\NVIDIA Corporation\CUDA Samples\v10.1, PROCESSOR_IDENTIFIER=Intel64 Family 6 Model 158 Stepping 10, GenuineIntel, ProgramFiles=C:\Program Files, PUBLIC=C:\Users\Public, windir=C:\WINDOWS, =::=::\, VS150COMCOMNTOOLS=C:\Program Files (x86)\Microsoft Visual Studio\2017\Community\Common7\Tools\, LOCALAPPDATA=C:\Users\User\AppData\Local, USERDOMAIN=T-CHALLA, FPS_BROWSER_APP_PROFILE_STRING=Internet Explorer, LOGONSERVER=\\T-CHALLA, JAVA_HOME=C:\Program Files\Java\jdk-11.0.11, OneDrive=C:\Users\User\OneDrive, APPDATA=C:\Users\User\AppData\Roaming, NVTOOLSEXT_PATH=C:\Program Files\NVIDIA Corporation\NvToolsExt\, CommonProgramFiles=C:\Program Files\Common Files, Path=C:\Program Files\Java\jdk-11.0.11\bin;C:\Program Files\NVIDIA GPU Computing Toolkit\CUDA\v10.1\bin;C:\Program Files\NVIDIA GPU Computing Toolkit\CUDA\v10.1\libnvvp;C:\Program Files\Common Files\Oracle\Java\javapath;C:\Program Files (x86)\Common Files\Oracle\Java\javapath;C:\Program Files (x86)\Intel\Intel(R) Management Engine Components\iCLS\;C:\Program Files\Intel\Intel(R) Management Engine Components\iCLS\;C:\Windows\system32;C:\Windows;C:\Windows\System32\Wbem;C:\Windows\System32\WindowsPowerShell\v1.0\;C:\Windows\System32\OpenSSH\;C:\Program Files (x86)\Intel\Intel(R) Management Engine Components\DAL;C:\Program Files\Intel\Intel(R) Management Engine Components\DAL;C:\Program Files (x86)\Intel\Intel(R) Management Engine Components\IPT;C:\Program Files\Intel\Intel(R) Management Engine Components\IPT;C:\Program Files (x86)\NVIDIA Corporation\PhysX\Common;C:\Program Files\Intel\WiFi\bin\;C:\Program Files\Common Files\Intel\WirelessCommon\;C:\Program Files\dotnet\;C:\Program Files\NVIDIA Corporation\NVIDIA NvDLISR;C:\WINDOWS\system32;C:\WINDOWS;C:\WINDOWS\System32\Wbem;C:\WINDOWS\System32\WindowsPowerShell\v1.0\;C:\WINDOWS\System32\OpenSSH\;C:\Program Files\Git\cmd;C:\Program Files\nodejs\;C:\WINDOWS\system32;C:\WINDOWS;C:\WINDOWS\System32\Wbem;C:\WINDOWS\System32\WindowsPowerShell\v1.0\;C:\WINDOWS\System32\OpenSSH\;C:\Python37;C:\Python37\Scripts;C:\MinGW\bin;C:\MinGW\bin;C:\opencv\build\x64\vc15\bin;C:\Program Files\NVIDIA Corporation\Nsight Compute 2019.4.0\;C:\Program Files\Docker\Docker\resources\bin;C:\ProgramData\DockerDesktop\version-bin;C:\Program Files\MySQL\MySQL Shell 8.0\bin\;C:\Users\User\AppData\Local\atom\bin;C:\Users\User\AppData\Roaming\npm;C:\Program Files\swipl\bin;C:\Users\User\AppData\Local\Microsoft\WindowsApps;C:\Users\User\AppData\Local\Programs\Microsoft VS Code\bin;C:\Users\User\AppData\Local\gitkraken\bin;C:\Program Files\JetBrains\IntelliJ IDEA Community Edition 2021.1\bin;;C:\Program Files\JetBrains\PyCharm Community Edition 2020.3.4\bin;, OS=Windows_NT, COMPUTERNAME=T-CHALLA, NVCUDASAMPLES_ROOT=C:\ProgramData\NVIDIA Corporation\CUDA Samples\v10.1, CUDA_PATH=C:\Program Files\NVIDIA GPU Computing Toolkit\CUDA\v10.1, PROCESSOR_REVISION=9e0a, CLASSPATH=%classpath%;.;.;., CommonProgramW6432=C:\Program Files\Common Files, ComSpec=C:\WINDOWS\system32\cmd.exe, SystemRoot=C:\WINDOWS, TEMP=C:\Users\User\AppData\Local\Temp, HOMEDRIVE=C:, USERPROFILE=C:\Users\User, TMP=C:\Users\User\AppData\Local\Temp, CommonProgramFiles(x86)=C:\Program Files (x86)\Common Files, NUMBER_OF_PROCESSORS=12, IDEA_INITIAL_DIRECTORY=C:\Users\User\OneDrive\바탕 화면}
key = org.springframework.context.annotation.ConfigurationClassPostProcessor.importRegistry value = []
key = messageSource value = Empty MessageSource
key = applicationEventMulticaster value = org.springframework.context.event.SimpleApplicationEventMulticaster@6ae778a9
key = lifecycleProcessor value = org.springframework.context.support.DefaultLifecycleProcessor@6676bfa6
22:57:09.633 [Test worker] DEBUG org.springframework.context.annotation.AnnotationConfigApplicationContext - Refreshing org.springframework.context.annotation.AnnotationConfigApplicationContext@42dcaeab
22:57:09.634 [Test worker] DEBUG org.springframework.beans.factory.support.DefaultListableBeanFactory - Creating shared instance of singleton bean 'org.springframework.context.annotation.internalConfigurationAnnotationProcessor'
22:57:09.639 [Test worker] DEBUG org.springframework.beans.factory.support.DefaultListableBeanFactory - Creating shared instance of singleton bean 'org.springframework.context.event.internalEventListenerProcessor'
22:57:09.639 [Test worker] DEBUG org.springframework.beans.factory.support.DefaultListableBeanFactory - Creating shared instance of singleton bean 'org.springframework.context.event.internalEventListenerFactory'
22:57:09.640 [Test worker] DEBUG org.springframework.beans.factory.support.DefaultListableBeanFactory - Creating shared instance of singleton bean 'org.springframework.context.annotation.internalAutowiredAnnotationProcessor'
22:57:09.643 [Test worker] DEBUG org.springframework.beans.factory.support.DefaultListableBeanFactory - Creating shared instance of singleton bean 'org.springframework.context.annotation.internalCommonAnnotationProcessor'
22:57:09.644 [Test worker] DEBUG org.springframework.beans.factory.support.DefaultListableBeanFactory - Creating shared instance of singleton bean 'applicationContextExtendsFindTest.TestConfig'
22:57:09.646 [Test worker] DEBUG org.springframework.beans.factory.support.DefaultListableBeanFactory - Creating shared instance of singleton bean 'rateDiscountPolicy'
22:57:09.646 [Test worker] DEBUG org.springframework.beans.factory.support.DefaultListableBeanFactory - Creating shared instance of singleton bean 'fixDiscountPolicy'
22:57:09.653 [Test worker] DEBUG org.springframework.context.annotation.AnnotationConfigApplicationContext - Refreshing org.springframework.context.annotation.AnnotationConfigApplicationContext@5d3abab4
22:57:09.654 [Test worker] DEBUG org.springframework.beans.factory.support.DefaultListableBeanFactory - Creating shared instance of singleton bean 'org.springframework.context.annotation.internalConfigurationAnnotationProcessor'
22:57:09.659 [Test worker] DEBUG org.springframework.beans.factory.support.DefaultListableBeanFactory - Creating shared instance of singleton bean 'org.springframework.context.event.internalEventListenerProcessor'
22:57:09.660 [Test worker] DEBUG org.springframework.beans.factory.support.DefaultListableBeanFactory - Creating shared instance of singleton bean 'org.springframework.context.event.internalEventListenerFactory'
22:57:09.661 [Test worker] DEBUG org.springframework.beans.factory.support.DefaultListableBeanFactory - Creating shared instance of singleton bean 'org.springframework.context.annotation.internalAutowiredAnnotationProcessor'
22:57:09.663 [Test worker] DEBUG org.springframework.beans.factory.support.DefaultListableBeanFactory - Creating shared instance of singleton bean 'org.springframework.context.annotation.internalCommonAnnotationProcessor'
22:57:09.664 [Test worker] DEBUG org.springframework.beans.factory.support.DefaultListableBeanFactory - Creating shared instance of singleton bean 'applicationContextExtendsFindTest.TestConfig'
22:57:09.666 [Test worker] DEBUG org.springframework.beans.factory.support.DefaultListableBeanFactory - Creating shared instance of singleton bean 'rateDiscountPolicy'
22:57:09.667 [Test worker] DEBUG org.springframework.beans.factory.support.DefaultListableBeanFactory - Creating shared instance of singleton bean 'fixDiscountPolicy'
22:57:09.677 [Test worker] DEBUG org.springframework.context.annotation.AnnotationConfigApplicationContext - Refreshing org.springframework.context.annotation.AnnotationConfigApplicationContext@2517dee1
22:57:09.678 [Test worker] DEBUG org.springframework.beans.factory.support.DefaultListableBeanFactory - Creating shared instance of singleton bean 'org.springframework.context.annotation.internalConfigurationAnnotationProcessor'
22:57:09.682 [Test worker] DEBUG org.springframework.beans.factory.support.DefaultListableBeanFactory - Creating shared instance of singleton bean 'org.springframework.context.event.internalEventListenerProcessor'
22:57:09.682 [Test worker] DEBUG org.springframework.beans.factory.support.DefaultListableBeanFactory - Creating shared instance of singleton bean 'org.springframework.context.event.internalEventListenerFactory'
22:57:09.682 [Test worker] DEBUG org.springframework.beans.factory.support.DefaultListableBeanFactory - Creating shared instance of singleton bean 'org.springframework.context.annotation.internalAutowiredAnnotationProcessor'
22:57:09.684 [Test worker] DEBUG org.springframework.beans.factory.support.DefaultListableBeanFactory - Creating shared instance of singleton bean 'org.springframework.context.annotation.internalCommonAnnotationProcessor'
22:57:09.685 [Test worker] DEBUG org.springframework.beans.factory.support.DefaultListableBeanFactory - Creating shared instance of singleton bean 'applicationContextExtendsFindTest.TestConfig'
22:57:09.685 [Test worker] DEBUG org.springframework.beans.factory.support.DefaultListableBeanFactory - Creating shared instance of singleton bean 'rateDiscountPolicy'
22:57:09.686 [Test worker] DEBUG org.springframework.beans.factory.support.DefaultListableBeanFactory - Creating shared instance of singleton bean 'fixDiscountPolicy'
key = rateDiscountPolicy value = hello.core.discount.RateDiscountPolicy@1d92be9a
key = fixDiscountPolicy value = hello.core.discount.FixDiscountPolicy@1f737db6
]]></system-out>
  <system-err><![CDATA[]]></system-err>
</testsuite>
