<?xml version="1.0" encoding="UTF-8"?>
<testsuite name="hello.core.autowired.AutowiredTest" tests="1" skipped="0" failures="0" errors="0" timestamp="2021-04-27T13:57:09" hostname="T-CHALLA" time="0.023">
  <properties/>
  <testcase name="AutowiredOption()" classname="hello.core.autowired.AutowiredTest" time="0.023"/>
  <system-out><![CDATA[22:57:09.378 [Test worker] DEBUG org.springframework.context.annotation.AnnotationConfigApplicationContext - Refreshing org.springframework.context.annotation.AnnotationConfigApplicationContext@2af76620
22:57:09.379 [Test worker] DEBUG org.springframework.beans.factory.support.DefaultListableBeanFactory - Creating shared instance of singleton bean 'org.springframework.context.annotation.internalConfigurationAnnotationProcessor'
22:57:09.379 [Test worker] DEBUG org.springframework.beans.factory.support.DefaultListableBeanFactory - Creating shared instance of singleton bean 'org.springframework.context.event.internalEventListenerProcessor'
22:57:09.380 [Test worker] DEBUG org.springframework.beans.factory.support.DefaultListableBeanFactory - Creating shared instance of singleton bean 'org.springframework.context.event.internalEventListenerFactory'
22:57:09.380 [Test worker] DEBUG org.springframework.beans.factory.support.DefaultListableBeanFactory - Creating shared instance of singleton bean 'org.springframework.context.annotation.internalAutowiredAnnotationProcessor'
22:57:09.381 [Test worker] DEBUG org.springframework.beans.factory.support.DefaultListableBeanFactory - Creating shared instance of singleton bean 'org.springframework.context.annotation.internalCommonAnnotationProcessor'
22:57:09.381 [Test worker] DEBUG org.springframework.beans.factory.support.DefaultListableBeanFactory - Creating shared instance of singleton bean 'autowiredTest.TestBean'
noBean2 = null
noBean3 = Optional.empty
]]></system-out>
  <system-err><![CDATA[]]></system-err>
</testsuite>
