<?xml version="1.0" encoding="UTF-8"?>
<testsuite name="hello.core.order.OrderServiceTest" tests="1" skipped="0" failures="0" errors="0" timestamp="2021-04-27T13:57:11" hostname="T-CHALLA" time="0.0">
  <properties/>
  <testcase name="createOrder()" classname="hello.core.order.OrderServiceTest" time="0.0"/>
  <system-out><![CDATA[call AppConfig.memberService
call AppConfig.MemberRepository
call AppConfig.orderService
call AppConfig.MemberRepository
]]></system-out>
  <system-err><![CDATA[]]></system-err>
</testsuite>
